#
# There is insufficient memory for the Java Runtime Environment to continue.
# Native memory allocation (mmap) failed to map 402653184 bytes for G1 virtual space
# Possible reasons:
#   The system is out of physical RAM or swap space
#   The process is running with CompressedOops enabled, and the Java Heap may be blocking the growth of the native heap
# Possible solutions:
#   Reduce memory load on the system
#   Increase physical memory or swap space
#   Check if swap backing store is full
#   Decrease Java heap size (-Xmx/-Xms)
#   Decrease number of Java threads
#   Decrease Java thread stack sizes (-Xss)
#   Set larger code cache with -XX:ReservedCodeCacheSize=
#   JVM is running with Zero Based Compressed Oops mode in which the Java heap is
#     placed in the first 32GB address space. The Java Heap base address is the
#     maximum limit for the native heap growth. Please use -XX:HeapBaseMinAddress
#     to set the Java Heap base and to place the Java Heap above 32GB virtual address.
# This output file may be truncated or incomplete.
#
#  Out of Memory Error (os_windows.cpp:3541), pid=3956, tid=25268
#
# JRE version:  (17.0.4.1+1) (build )
# Java VM: OpenJDK 64-Bit Server VM (17.0.4.1+1, mixed mode, sharing, tiered, compressed oops, compressed class ptrs, g1 gc, windows-amd64)
# Core dump will be written. Default location: D:\LegacyBOMImport\Workspace\EbomUtility\hs_err_pid3956.mdmp
#

---------------  S U M M A R Y ------------

Command Line: -XX:+ShowCodeDetailsInExceptionMessages -agentlib:jdwp=transport=dt_socket,suspend=y,address=localhost:53300 -javaagent:D:\Software\eclipse-jee-2022-09-R-win32-x86_64\eclipse\configuration\org.eclipse.osgi\421\0\.cp\lib\javaagent-shaded.jar -Dfile.encoding=UTF-8 view.BomUtilityView D:\LegacyBOMImport\config_file.properties

Host: Intel(R) Xeon(R) Gold 6254 CPU @ 3.10GHz, 4 cores, 23G,  Windows Server 2019 , 64 bit Build 17763 (10.0.17763.4974)
Time: Thu May 30 15:24:47 2024 Eastern Daylight Time elapsed time: 0.028736 seconds (0d 0h 0m 0s)

---------------  T H R E A D  ---------------

Current thread (0x0000023730768f70):  JavaThread "Unknown thread" [_thread_in_vm, id=25268, stack(0x000000abc2800000,0x000000abc2900000)]

Stack: [0x000000abc2800000,0x000000abc2900000]
Native frames: (J=compiled Java code, j=interpreted, Vv=VM code, C=native code)
V  [jvm.dll+0x67731a]
V  [jvm.dll+0x832284]
V  [jvm.dll+0x833a2e]
V  [jvm.dll+0x834093]
V  [jvm.dll+0x245775]
V  [jvm.dll+0x674209]
V  [jvm.dll+0x668a92]
V  [jvm.dll+0x30471b]
V  [jvm.dll+0x30bc66]
V  [jvm.dll+0x35ba9e]
V  [jvm.dll+0x35bccf]
V  [jvm.dll+0x2db5b8]
V  [jvm.dll+0x2dc524]
V  [jvm.dll+0x803db1]
V  [jvm.dll+0x3698f1]
V  [jvm.dll+0x7e31bc]
V  [jvm.dll+0x3ec25f]
V  [jvm.dll+0x3edde1]
C  [jli.dll+0x5277]
C  [ucrtbase.dll+0x2268a]
C  [KERNEL32.DLL+0x17ac4]
C  [ntdll.dll+0x5a4e1]


---------------  P R O C E S S  ---------------

Threads class SMR info:
_java_thread_list=0x00007fffb82a4e98, length=0, elements={
}

Java Threads: ( => current thread )

Other Threads:
  0x00000237307f3590 GCTaskThread "GC Thread#0" [stack: 0x000000abc2900000,0x000000abc2a00000] [id=20700]
  0x0000023730802400 ConcurrentGCThread "G1 Main Marker" [stack: 0x000000abc2a00000,0x000000abc2b00000] [id=25848]
  0x0000023730804aa0 ConcurrentGCThread "G1 Conc#0" [stack: 0x000000abc2b00000,0x000000abc2c00000] [id=8244]

[error occurred during error reporting (printing all threads), id 0xc0000005, EXCEPTION_ACCESS_VIOLATION (0xc0000005) at pc=0x00007fffb7a7c047]

VM state: not at safepoint (not fully initialized)

VM Mutex/Monitor currently owned by a thread:  ([mutex/lock_event])
[0x0000023730765260] Heap_lock - owner thread: 0x0000023730768f70

Heap address: 0x0000000680000000, size: 6144 MB, Compressed Oops mode: Zero based, Oop shift amount: 3

CDS archive(s) mapped at: [0x0000000000000000-0x0000000000000000-0x0000000000000000), size 0, SharedBaseAddress: 0x0000000800000000, ArchiveRelocationMode: 0.
Narrow klass base: 0x0000000000000000, Narrow klass shift: 0, Narrow klass range: 0x0

GC Precious Log:
<Empty>

Heap:
 garbage-first heap   total 0K, used 0K [0x0000000680000000, 0x0000000800000000)
  region size 4096K, 0 young (0K), 0 survivors (0K)

[error occurred during error reporting (printing heap information), id 0xc0000005, EXCEPTION_ACCESS_VIOLATION (0xc0000005) at pc=0x00007fffb7e60699]

GC Heap History (0 events):
No events

Deoptimization events (0 events):
No events

Classes unloaded (0 events):
No events

Classes redefined (0 events):
No events

Internal exceptions (0 events):
No events

VM Operations (0 events):
No events

Events (1 events):
Event: 0.015 Loaded shared library D:\Software\eclipse-jee-2022-09-R-win32-x86_64\eclipse\plugins\org.eclipse.justj.openjdk.hotspot.jre.full.win32.x86_64_17.0.4.v20220903-1038\jre\bin\java.dll


Dynamic libraries:
0x00007ff7e3190000 - 0x00007ff7e319e000 	D:\Software\eclipse-jee-2022-09-R-win32-x86_64\eclipse\plugins\org.eclipse.justj.openjdk.hotspot.jre.full.win32.x86_64_17.0.4.v20220903-1038\jre\bin\javaw.exe
0x00007ff8027c0000 - 0x00007ff8029ae000 	C:\Windows\SYSTEM32\ntdll.dll
0x00007fffffc70000 - 0x00007fffffd23000 	C:\Windows\System32\KERNEL32.DLL
0x00007ffffeea0000 - 0x00007fffff13d000 	C:\Windows\System32\KERNELBASE.dll
0x00007fffff170000 - 0x00007fffff26a000 	C:\Windows\System32\ucrtbase.dll
0x00007fffe2d50000 - 0x00007fffe2d68000 	D:\Software\eclipse-jee-2022-09-R-win32-x86_64\eclipse\plugins\org.eclipse.justj.openjdk.hotspot.jre.full.win32.x86_64_17.0.4.v20220903-1038\jre\bin\jli.dll
0x00007fffffd30000 - 0x00007fffffec7000 	C:\Windows\System32\USER32.dll
0x00007ff800000000 - 0x00007ff800020000 	C:\Windows\System32\win32u.dll
0x00007ff8021b0000 - 0x00007ff8021d9000 	C:\Windows\System32\GDI32.dll
0x00007ffffea40000 - 0x00007ffffebeb000 	C:\Windows\System32\gdi32full.dll
0x00007ffffebf0000 - 0x00007ffffec90000 	C:\Windows\System32\msvcp_win.dll
0x00007fffe2910000 - 0x00007fffe2929000 	D:\Software\eclipse-jee-2022-09-R-win32-x86_64\eclipse\plugins\org.eclipse.justj.openjdk.hotspot.jre.full.win32.x86_64_17.0.4.v20220903-1038\jre\bin\VCRUNTIME140.dll
0x00007fffeb100000 - 0x00007fffeb379000 	C:\Windows\WinSxS\amd64_microsoft.windows.common-controls_6595b64144ccf1df_6.0.17763.5206_none_de6d611a534ecc77\COMCTL32.dll
0x00007ffffff50000 - 0x00007ffffffee000 	C:\Windows\System32\msvcrt.dll
0x00007ff8000e0000 - 0x00007ff80040b000 	C:\Windows\System32\combase.dll
0x00007ff800890000 - 0x00007ff8009ae000 	C:\Windows\System32\RPCRT4.dll
0x00007ffffecf0000 - 0x00007ffffed72000 	C:\Windows\System32\bcryptPrimitives.dll
0x00007ff800690000 - 0x00007ff8006be000 	C:\Windows\System32\IMM32.DLL
0x00007fffed1a0000 - 0x00007fffed1ac000 	D:\Software\eclipse-jee-2022-09-R-win32-x86_64\eclipse\plugins\org.eclipse.justj.openjdk.hotspot.jre.full.win32.x86_64_17.0.4.v20220903-1038\jre\bin\vcruntime140_1.dll
0x00007fffcaeb0000 - 0x00007fffcaf41000 	D:\Software\eclipse-jee-2022-09-R-win32-x86_64\eclipse\plugins\org.eclipse.justj.openjdk.hotspot.jre.full.win32.x86_64_17.0.4.v20220903-1038\jre\bin\msvcp140.dll
0x00007fffb7790000 - 0x00007fffb83d6000 	D:\Software\eclipse-jee-2022-09-R-win32-x86_64\eclipse\plugins\org.eclipse.justj.openjdk.hotspot.jre.full.win32.x86_64_17.0.4.v20220903-1038\jre\bin\server\jvm.dll
0x00007ff800570000 - 0x00007ff800617000 	C:\Windows\System32\ADVAPI32.dll
0x00007fffff9c0000 - 0x00007fffffa5f000 	C:\Windows\System32\sechost.dll
0x00007ff801fc0000 - 0x00007ff801fc8000 	C:\Windows\System32\PSAPI.DLL
0x00007fffef450000 - 0x00007fffef459000 	C:\Windows\SYSTEM32\WSOCK32.dll
0x00007ff800620000 - 0x00007ff80068d000 	C:\Windows\System32\WS2_32.dll
0x00007ffffc550000 - 0x00007ffffc574000 	C:\Windows\SYSTEM32\WINMM.dll
0x00007ffff3560000 - 0x00007ffff356a000 	C:\Windows\SYSTEM32\VERSION.dll
0x00007ffffc4e0000 - 0x00007ffffc50d000 	C:\Windows\SYSTEM32\WINMMBASE.dll
0x00007ffffee50000 - 0x00007ffffee9a000 	C:\Windows\System32\cfgmgr32.dll
0x00007ffffe780000 - 0x00007ffffe791000 	C:\Windows\System32\kernel.appcore.dll
0x00007ffff86c0000 - 0x00007ffff86ca000 	D:\Software\eclipse-jee-2022-09-R-win32-x86_64\eclipse\plugins\org.eclipse.justj.openjdk.hotspot.jre.full.win32.x86_64_17.0.4.v20220903-1038\jre\bin\jimage.dll
0x00007fffee490000 - 0x00007fffee67d000 	C:\Windows\SYSTEM32\DBGHELP.DLL
0x00007fffed350000 - 0x00007fffed37a000 	C:\Windows\SYSTEM32\dbgcore.DLL
0x00007fffcddf0000 - 0x00007fffcde2b000 	D:\Software\eclipse-jee-2022-09-R-win32-x86_64\eclipse\plugins\org.eclipse.justj.openjdk.hotspot.jre.full.win32.x86_64_17.0.4.v20220903-1038\jre\bin\jdwp.dll
0x00007fffed0f0000 - 0x00007fffed0fe000 	D:\Software\eclipse-jee-2022-09-R-win32-x86_64\eclipse\plugins\org.eclipse.justj.openjdk.hotspot.jre.full.win32.x86_64_17.0.4.v20220903-1038\jre\bin\instrument.dll
0x00007fffe93f0000 - 0x00007fffe9415000 	D:\Software\eclipse-jee-2022-09-R-win32-x86_64\eclipse\plugins\org.eclipse.justj.openjdk.hotspot.jre.full.win32.x86_64_17.0.4.v20220903-1038\jre\bin\java.dll

dbghelp: loaded successfully - version: 4.0.5 - missing functions: none
symbol engine: initialized successfully - sym options: 0x614 - pdb path: .;D:\Software\eclipse-jee-2022-09-R-win32-x86_64\eclipse\plugins\org.eclipse.justj.openjdk.hotspot.jre.full.win32.x86_64_17.0.4.v20220903-1038\jre\bin;C:\Windows\SYSTEM32;C:\Windows\WinSxS\amd64_microsoft.windows.common-controls_6595b64144ccf1df_6.0.17763.5206_none_de6d611a534ecc77;D:\Software\eclipse-jee-2022-09-R-win32-x86_64\eclipse\plugins\org.eclipse.justj.openjdk.hotspot.jre.full.win32.x86_64_17.0.4.v20220903-1038\jre\bin\server

VM Arguments:
jvm_args: -XX:+ShowCodeDetailsInExceptionMessages -agentlib:jdwp=transport=dt_socket,suspend=y,address=localhost:53300 -javaagent:D:\Software\eclipse-jee-2022-09-R-win32-x86_64\eclipse\configuration\org.eclipse.osgi\421\0\.cp\lib\javaagent-shaded.jar -Dfile.encoding=UTF-8 
java_command: view.BomUtilityView D:\LegacyBOMImport\config_file.properties
java_class_path (initial): D:\LegacyBOMImport\Workspace\EbomUtility\bin;D:\LegacyBOMImport\Workspace\EbomUtility\ref_lib\org.eclipse.swt.win32.win32.x86_64_3.105.3.v20170228-0512.jar;D:\LegacyBOMImport\Workspace\EbomUtility\ref_lib\apache-commons-lang.jar;D:\LegacyBOMImport\Workspace\EbomUtility\ref_lib\apache-commons.jar;D:\LegacyBOMImport\Workspace\EbomUtility\ref_lib\commons-collections4-4.1.jar;D:\LegacyBOMImport\Workspace\EbomUtility\ref_lib\commons-math3-3.6.1.jar;D:\LegacyBOMImport\Workspace\EbomUtility\ref_lib\dom4j-1.1.jar;D:\LegacyBOMImport\Workspace\EbomUtility\ref_lib\dom4j-1.6.1.jar;D:\LegacyBOMImport\Workspace\EbomUtility\ref_lib\httpclient-4.5.2.jar;D:\LegacyBOMImport\Workspace\EbomUtility\ref_lib\httpcore-4.4.4.jar;D:\LegacyBOMImport\Workspace\EbomUtility\ref_lib\poi-3.17.jar;D:\LegacyBOMImport\Workspace\EbomUtility\ref_lib\poi-ooxml-3.17.jar;D:\LegacyBOMImport\Workspace\EbomUtility\ref_lib\poi-ooxml-schemas-3.17.jar;D:\LegacyBOMImport\Workspace\EbomUtility\ref_lib\xmlbeans-2.3.0.jar;D:\LegacyBOMImport\Workspace\EbomUtility\ref_lib\xmlbeans-2.6.0.jar;D:\LegacyBOMImport\Workspace\EbomUtility\ref_lib\xmlbeans-xpath-2.6.0.jar;D:\LegacyBOMImport\Workspace\EbomUtility\ref_lib\TcSoaClient_13000.3.0.jar;D:\LegacyBOMImport\Workspace\EbomUtility\ref_lib\TcSoaCommon_13000.3.0.jar;D:\LegacyBOMImport\Workspace\EbomUtility\ref_lib\TcSoaCoreStrong_13000.3.0.jar;D:\LegacyBOMImport\Workspace\EbomUtility\ref_lib\TcSoaQueryStrong_13000.3.0.jar;D:\LegacyBOMImport\Workspace\EbomUtility\ref_lib\TcSoaStrongModel_13000.3.0.jar;D:\LegacyBOMImport\Workspace\EbomUtility\ref_lib\log4j-1.2-api-2.17.1.jar;D:\LegacyBOMImport\Workspace\EbomUtility\ref_lib\log4j-api-2.17.1.jar;D:\LegacyBOMImport\Workspace\EbomUtility\ref_lib\log4j-core-2.17.1.jar;D:\LegacyBOMImport\Workspace\EbomUtility\ref_lib\commons-logging-1.2.jar;D:\LegacyBOMImport\Workspace\EbomUtility\ref_lib\fccclient.jar;D:\LegacyBOMImport\Workspace\EbomUtility\ref_lib\fscclient.jar;D:\LegacyBOMImport\Workspace\EbomUtili
Launcher Type: SUN_STANDARD

[Global flags]
     intx CICompilerCount                          = 3                                         {product} {ergonomic}
     uint ConcGCThreads                            = 1                                         {product} {ergonomic}
     uint G1ConcRefinementThreads                  = 4                                         {product} {ergonomic}
   size_t G1HeapRegionSize                         = 4194304                                   {product} {ergonomic}
    uintx GCDrainStackTargetSize                   = 64                                        {product} {ergonomic}
   size_t InitialHeapSize                          = 402653184                                 {product} {ergonomic}
   size_t MarkStackSize                            = 4194304                                   {product} {ergonomic}
   size_t MaxHeapSize                              = 6442450944                                {product} {ergonomic}
   size_t MinHeapDeltaBytes                        = 4194304                                   {product} {ergonomic}
   size_t MinHeapSize                              = 8388608                                   {product} {ergonomic}
    uintx NonNMethodCodeHeapSize                   = 5832780                                {pd product} {ergonomic}
    uintx NonProfiledCodeHeapSize                  = 122912730                              {pd product} {ergonomic}
    uintx ProfiledCodeHeapSize                     = 122912730                              {pd product} {ergonomic}
    uintx ReservedCodeCacheSize                    = 251658240                              {pd product} {ergonomic}
     bool SegmentedCodeCache                       = true                                      {product} {ergonomic}
     bool ShowCodeDetailsInExceptionMessages       = true                                   {manageable} {command line}
   size_t SoftMaxHeapSize                          = 6442450944                             {manageable} {ergonomic}
     bool UseCompressedClassPointers               = true                           {product lp64_product} {ergonomic}
     bool UseCompressedOops                        = true                           {product lp64_product} {ergonomic}
     bool UseG1GC                                  = true                                      {product} {ergonomic}
     bool UseLargePagesIndividualAllocation        = false                                  {pd product} {ergonomic}

Logging:
Log output configuration:
 #0: stdout all=warning uptime,level,tags
 #1: stderr all=off uptime,level,tags

Environment Variables:
JAVA_HOME=D:\Apps\Java\jdk-11.0.8
PATH=D:\Software\eclipse-jee-2022-09-R-win32-x86_64\eclipse\plugins\org.eclipse.justj.openjdk.hotspot.jre.full.win32.x86_64_17.0.4.v20220903-1038\jre\bin;D:/Software/eclipse-jee-2022-09-R-win32-x86_64/eclipse//plugins/org.eclipse.justj.openjdk.hotspot.jre.full.win32.x86_64_17.0.4.v20220903-1038/jre/bin/server;D:/Software/eclipse-jee-2022-09-R-win32-x86_64/eclipse//plugins/org.eclipse.justj.openjdk.hotspot.jre.full.win32.x86_64_17.0.4.v20220903-1038/jre/bin;C:\Siemens\Tc13\4-Tier_Sanjeevs_VM\TeamcenterEDA_5.2.5\eda;C:\Windows\system32;C:\Windows;C:\Windows\System32\Wbem;C:\Windows\System32\WindowsPowerShell\v1.0\;C:\Windows\System32\OpenSSH\;C:\Strawberry\c\bin;C:\Strawberry\perl\site\bin;C:\Strawberry\perl\bin;C:\Program Files (x86)\Microsoft SQL Server\150\DTS\Binn\;C:\Program Files\Azure Data Studio\bin;C:\Program Files (x86)\Microsoft SQL Server\150\Tools\Binn\;C:\Program Files\Microsoft SQL Server\150\Tools\Binn\;C:\Program Files\Microsoft SQL Server\150\DTS\Binn\;C:\Program Files\Microsoft SQL Server\Client SDK\ODBC\170\Tools\Binn\;C:\Program Files\dotnet\;D:\Apps\Java\jdk-11.0.8\bin;C:\Users\tc_vm_admin\anaconda3;C:\Users\tc_vm_admin\anaconda3\Library\mingw-w64\bin;C:\Users\tc_vm_admin\anaconda3\Library\usr\bin;C:\Users\tc_vm_admin\anaconda3\Library\bin;C:\Users\tc_vm_admin\anaconda3\Scripts;C:\Users\tc_vm_admin\AppData\Local\Programs\Python\Python311\Scripts\;C:\Users\tc_vm_admin\AppData\Local\Programs\Python\Python311\;C:\Users\tc_vm_admin\AppData\Local\Microsoft\WindowsApps;C:\Program Files\Azure Data Studio\bin;C:\Users\tc_vm_admin\AppData\Local\Programs\Microsoft VS Code\bin;C:\Users\tc_vm_admin\.dotnet\tools;D:\Software\eclipse-jee-2022-09-R-win32-x86_64\eclipse;
USERNAME=tc_vm_admin
OS=Windows_NT
PROCESSOR_IDENTIFIER=Intel64 Family 6 Model 85 Stepping 7, GenuineIntel
TMP=C:\tcTemp\5
TEMP=C:\tcTemp\5



---------------  S Y S T E M  ---------------

OS:
 Windows Server 2019 , 64 bit Build 17763 (10.0.17763.4974)
OS uptime: 58 days 7:26 hours
VMWare virtualization detected

CPU: total 4 (initial active 4) (1 cores per cpu, 1 threads per core) family 6 model 85 stepping 7 microcode 0x5003604, cx8, cmov, fxsr, mmx, 3dnowpref, sse, sse2, sse3, ssse3, sse4.1, sse4.2, popcnt, lzcnt, tsc, tscinvbit, avx, avx2, aes, erms, clmul, bmi1, bmi2, adx, avx512f, avx512dq, avx512cd, avx512bw, avx512vl, fma, vzeroupper, avx512_vnni, clflush, clflushopt, clwb, hv

Memory: 4k page, system-wide physical 24575M (653M free)
TotalPageFile size 31035M (AvailPageFile size 178M)
current process WorkingSet (physical memory assigned to process): 10M, peak: 10M
current process commit charge ("private bytes"): 52M, peak: 435M

vm_info: OpenJDK 64-Bit Server VM (17.0.4.1+1) for windows-amd64 JRE (17.0.4.1+1), built on Aug 17 2022 07:42:43 by "temurin" with MS VC++ 16.7 (VS2019)

END.
